<?xml version="1.0" encoding="UTF-8"?>
<testsuite name="runners.AutomatizacionPaginaDemoQaRunner" tests="0" skipped="0" failures="0" errors="0" timestamp="1970-01-01T00:00:00" hostname="QV-2655" time="0.0">
  <properties/>
  <system-out><![CDATA[
1 Scenarios (?[32m1 passed?[0m)
3 Steps (?[32m3 passed?[0m)
0m48,839s


]]></system-out>
  <system-err><![CDATA[[Test worker] INFO io.cucumber.core.plugin.SerenityReporter - Running feature from file:///C:/Users/QV-2655/Documents/Qvsion/izyAcademy/Cursos%20a%20realizar/Selenium%20con%20screenplay/scree/src/test/resources/features/automatizacion_pagina_demo_qa.feature
[Test worker] WARN io.cucumber.core.plugin.SerenityReporter - Feature from file:///C:/Users/QV-2655/Documents/Qvsion/izyAcademy/Cursos%20a%20realizar/Selenium%20con%20screenplay/scree/src/test/resources/features/automatizacion_pagina_demo_qa.feature is not under the 'features' directory. Requirements report will not be correctly generated!
[Test worker] INFO  - ?[96m

-------------------------------------------------------------------------------------
     _______. _______ .______       _______ .__   __.  __  .___________.____    ____ 
    /       ||   ____||   _  \     |   ____||  \ |  | |  | |           |\   \  /   / 
   |   (----`|  |__   |  |_)  |    |  |__   |   \|  | |  | `---|  |----` \   \/   /  
    \   \    |   __|  |      /     |   __|  |  . `  | |  |     |  |       \_    _/   
.----)   |   |  |____ |  |\  \----.|  |____ |  |\   | |  |     |  |         |  |     
|_______/    |_______|| _| `._____||_______||__| \__| |__|     |__|         |__|    
                                                                                     
 News and tutorials at http://www.serenity-bdd.info                                  
 Documentation at https://wakaleo.gitbooks.io/the-serenity-book/content/             
 Join the Serenity Community on Gitter: https://gitter.im/serenity-bdd/serenity-core 
 Serenity BDD Support and Training at http://serenity-bdd.info/#/trainingandsupport  
-------------------------------------------------------------------------------------
?[0m
[Test worker] INFO  - Test Suite Started: Implementación Automatizaciones sobre la página DemoQa
[pool-1-thread-1] INFO net.thucydides.core.reports.ReportService - net.thucydides.core.reports.json.JSONTestOutcomeReporter@31a1373b: Generating report for test outcome: Implementación Automatizaciones sobre la página DemoQa:Escenario: Interactuar con el formulario
[pool-2-thread-1] INFO net.thucydides.core.reports.ReportService - net.thucydides.core.reports.html.HtmlAcceptanceTestReporter@5e0c884b: Generating report for test outcome: Implementación Automatizaciones sobre la página DemoQa:Escenario: Interactuar con el formulario
[pool-2-thread-1] INFO serenity.reporting - 
-------------------------------------------------------
| TEST NAME:   ?[1mEscenario: Interactuar con el formulario?[0m
| RESULT:      ?[92mPassing?[0m
| REQUIREMENT: Implementación Automatizaciones sobre la página DemoQa
| REPORT:      ?[96mfile:///C:/Users/QV-2655/Documents/Qvsion/izyAcademy/Cursos%20a%20realizar/Selenium%20con%20screenplay/scree/target/site/serenity/0270ab54f471cb5caee2ef30d6f49c54931ed6db8bcde7405d835423b2ce5567.html?[0m
-------------------------------------------------------
]]></system-err>
</testsuite>
